[    0.000000] Initializing cgroup subsys cpuset
[    0.000000] Initializing cgroup subsys cpu
[    0.000000] Initializing cgroup subsys cpuacct
[    0.000000] Linux version 4.4.0-109-generic (buildd@lgw01-amd64-038) (gcc version 5.4.0 20160609 (Ubuntu 5.4.0-6ubuntu1~16.04.5) ) #132-Ubuntu SMP Tue Jan 9 19:52:39 UTC 2018 (Ubuntu 4.4.0-109.132-generic 4.4.98)
[    0.000000] Command line: BOOT_IMAGE=/boot/vmlinuz-4.4.0-109-generic root=UUID=a3f91fc3-3067-43d1-b704-7b1ab3a66579 ro console=tty1 console=ttyS0
[    0.000000] KERNEL supported cpus:
[    0.000000]   Intel GenuineIntel
[    0.000000]   AMD AuthenticAMD
[    0.000000]   Centaur CentaurHauls
[    0.000000] ------------[ cut here ]------------
[    0.000000] WARNING: CPU: 0 PID: 0 at /build/linux-8wXrCB/linux-4.4.0/arch/x86/kernel/fpu/xstate.c:517 fpu__init_system_xstate+0x38b/0x75a()
[    0.000000] XSAVE consistency problem, dumping leaves
[    0.000000] Modules linked in:
[    0.000000] CPU: 0 PID: 0 Comm: swapper Not tainted 4.4.0-109-generic #132-Ubuntu
[    0.000000]  0000000000000086 a4442554b54b73d3 ffffffff81e03d80 ffffffff813fbb03
[    0.000000]  ffffffff81e03dc8 ffffffff81caac68 ffffffff81e03db8 ffffffff81081e52
[    0.000000]  ffffffff81e03e48 ffffffff81e03e4c 0000000000000008 0000000000000100
[    0.000000] Call Trace:
[    0.000000]  [<ffffffff813fbb03>] dump_stack+0x63/0x90
[    0.000000]  [<ffffffff81081e52>] warn_slowpath_common+0x82/0xc0
[    0.000000]  [<ffffffff81081eec>] warn_slowpath_fmt+0x5c/0x80
[    0.000000]  [<ffffffff8107daf0>] ? xfeature_size+0x59/0x77
[    0.000000]  [<ffffffff81f72275>] fpu__init_system_xstate+0x38b/0x75a
[    0.000000]  [<ffffffff81f62120>] ? early_idt_handler_array+0x120/0x120
[    0.000000]  [<ffffffff81f71be0>] fpu__init_system+0x10d/0x245
[    0.000000]  [<ffffffff81f72ce9>] early_cpu_init+0x139/0x13e
[    0.000000]  [<ffffffff81f72ce9>] ? early_cpu_init+0x139/0x13e
[    0.000000]  [<ffffffff81f6e19b>] setup_arch+0xb4/0xcfb
[    0.000000]  [<ffffffff81f62120>] ? early_idt_handler_array+0x120/0x120
[    0.000000]  [<ffffffff81f62c74>] start_kernel+0xe4/0x4a7
[    0.000000]  [<ffffffff81f62120>] ? early_idt_handler_array+0x120/0x120
[    0.000000]  [<ffffffff81f62339>] x86_64_start_reservations+0x2a/0x2c
[    0.000000]  [<ffffffff81f62485>] x86_64_start_kernel+0x14a/0x16d
[    0.000000] ---[ end trace 4d5ff9f2f68c4233 ]---
[    0.000000] CPUID[0d, 00]: eax=00000007 ebx=00000440 ecx=00000440 edx=00000000
[    0.000000] CPUID[0d, 01]: eax=00000000 ebx=000003c0 ecx=00000000 edx=00000000
[    0.000000] CPUID[0d, 02]: eax=00000100 ebx=00000240 ecx=00000000 edx=00000000
[    0.000000] CPUID[0d, 03]: eax=00000000 ebx=00000000 ecx=00000000 edx=00000000
[    0.000000] CPUID[0d, 04]: eax=00000000 ebx=00000000 ecx=00000000 edx=00000000
[    0.000000] CPUID[0d, 05]: eax=00000000 ebx=00000000 ecx=00000000 edx=00000000
[    0.000000] CPUID[0d, 06]: eax=00000000 ebx=00000000 ecx=00000000 edx=00000000
[    0.000000] CPUID[0d, 07]: eax=00000000 ebx=00000000 ecx=00000000 edx=00000000
[    0.000000] CPUID[0d, 08]: eax=00000000 ebx=00000000 ecx=00000000 edx=00000000
[    0.000000] CPUID[0d, 09]: eax=00000000 ebx=00000000 ecx=00000000 edx=00000000
[    0.000000] CPUID[0d, 0a]: eax=00000000 ebx=00000000 ecx=00000000 edx=00000000
[    0.000000] CPUID[0d, 0b]: eax=00000000 ebx=00000000 ecx=00000000 edx=00000000
[    0.000000] CPUID[0d, 0c]: eax=00000000 ebx=00000000 ecx=00000000 edx=00000000
[    0.000000] CPUID[0d, 0d]: eax=00000000 ebx=00000000 ecx=00000000 edx=00000000
[    0.000000] CPUID[0d, 0e]: eax=00000000 ebx=00000000 ecx=00000000 edx=00000000
[    0.000000] CPUID[0d, 0f]: eax=00000000 ebx=00000000 ecx=00000000 edx=00000000
[    0.000000] CPUID[0d, 10]: eax=00000000 ebx=00000000 ecx=00000000 edx=00000000
[    0.000000] CPUID[0d, 11]: eax=00000000 ebx=00000000 ecx=00000000 edx=00000000
[    0.000000] x86/fpu: xstate_offset[2]:  576, xstate_sizes[2]:  256
[    0.000000] x86/fpu: Supporting XSAVE feature 0x01: 'x87 floating point registers'
[    0.000000] x86/fpu: Supporting XSAVE feature 0x02: 'SSE registers'
[    0.000000] x86/fpu: Supporting XSAVE feature 0x04: 'AVX registers'
[    0.000000] x86/fpu: Enabled xstate features 0x7, context size is 1088 bytes, using 'standard' format.
[    0.000000] x86/fpu: Using 'lazy' FPU context switches.
[    0.000000] e820: BIOS-provided physical RAM map:
[    0.000000] BIOS-e820: [mem 0x0000000000000000-0x000000000009fbff] usable
[    0.000000] BIOS-e820: [mem 0x000000000009fc00-0x000000000009ffff] reserved
[    0.000000] BIOS-e820: [mem 0x00000000000f0000-0x00000000000fffff] reserved
[    0.000000] BIOS-e820: [mem 0x0000000000100000-0x000000003ffeffff] usable
[    0.000000] BIOS-e820: [mem 0x000000003fff0000-0x000000003fffffff] ACPI data
[    0.000000] BIOS-e820: [mem 0x00000000fec00000-0x00000000fec00fff] reserved
[    0.000000] BIOS-e820: [mem 0x00000000fee00000-0x00000000fee00fff] reserved
[    0.000000] BIOS-e820: [mem 0x00000000fffc0000-0x00000000ffffffff] reserved
[    0.000000] NX (Execute Disable) protection: active
[    0.000000] SMBIOS 2.5 present.
[    0.000000] Hypervisor detected: KVM
[    0.000000] e820: last_pfn = 0x3fff0 max_arch_pfn = 0x400000000
[    0.000000] MTRR: Disabled
[    0.000000] x86/PAT: MTRRs disabled, skipping PAT initialization too.
[    0.000000] CPU MTRRs all blank - virtualized system.
[    0.000000] x86/PAT: Configuration [0-7]: WB  WT  UC- UC  WB  WT  UC- UC  
[    0.000000] found SMP MP-table at [mem 0x0009fff0-0x0009ffff] mapped at [ffff88000009fff0]
[    0.000000] Scanning 1 areas for low memory corruption
[    0.000000] RAMDISK: [mem 0x36230000-0x3710ffff]
[    0.000000] ACPI: Early table checksum verification disabled
[    0.000000] ACPI: RSDP 0x00000000000E0000 000024 (v02 VBOX  )
[    0.000000] ACPI: XSDT 0x000000003FFF0030 00003C (v01 VBOX   VBOXXSDT 00000001 ASL  00000061)
[    0.000000] ACPI: FACP 0x000000003FFF00F0 0000F4 (v04 VBOX   VBOXFACP 00000001 ASL  00000061)
[    0.000000] ACPI: DSDT 0x000000003FFF0470 0021FF (v02 VBOX   VBOXBIOS 00000002 INTL 20170728)
[    0.000000] ACPI: FACS 0x000000003FFF0200 000040
[    0.000000] ACPI: FACS 0x000000003FFF0200 000040
[    0.000000] ACPI: APIC 0x000000003FFF0240 00005C (v02 VBOX   VBOXAPIC 00000001 ASL  00000061)
[    0.000000] ACPI: SSDT 0x000000003FFF02A0 0001CC (v01 VBOX   VBOXCPUT 00000002 INTL 20170728)
[    0.000000] No NUMA configuration found
[    0.000000] Faking a node at [mem 0x0000000000000000-0x000000003ffeffff]
[    0.000000] NODE_DATA(0) allocated [mem 0x3ffeb000-0x3ffeffff]
[    0.000000] kvm-clock: Using msrs 4b564d01 and 4b564d00
[    0.000000] kvm-clock: cpu 0, msr 0:3ffe3001, primary cpu clock
[    0.000000] kvm-clock: using sched offset of 3444012202 cycles
[    0.000000] clocksource: kvm-clock: mask: 0xffffffffffffffff max_cycles: 0x1cd42e4dffb, max_idle_ns: 881590591483 ns
[    0.000000] Zone ranges:
[    0.000000]   DMA      [mem 0x0000000000001000-0x0000000000ffffff]
[    0.000000]   DMA32    [mem 0x0000000001000000-0x000000003ffeffff]
[    0.000000]   Normal   empty
[    0.000000]   Device   empty
[    0.000000] Movable zone start for each node
[    0.000000] Early memory node ranges
[    0.000000]   node   0: [mem 0x0000000000001000-0x000000000009efff]
[    0.000000]   node   0: [mem 0x0000000000100000-0x000000003ffeffff]
[    0.000000] Initmem setup node 0 [mem 0x0000000000001000-0x000000003ffeffff]
[    0.000000] ACPI: PM-Timer IO Port: 0x4008
[    0.000000] IOAPIC[0]: apic_id 2, version 32, address 0xfec00000, GSI 0-23
[    0.000000] ACPI: INT_SRC_OVR (bus 0 bus_irq 0 global_irq 2 dfl dfl)
[    0.000000] ACPI: INT_SRC_OVR (bus 0 bus_irq 9 global_irq 9 high level)
[    0.000000] Using ACPI (MADT) for SMP configuration information
[    0.000000] smpboot: Allowing 2 CPUs, 0 hotplug CPUs
[    0.000000] PM: Registered nosave memory: [mem 0x00000000-0x00000fff]
[    0.000000] PM: Registered nosave memory: [mem 0x0009f000-0x0009ffff]
[    0.000000] PM: Registered nosave memory: [mem 0x000a0000-0x000effff]
[    0.000000] PM: Registered nosave memory: [mem 0x000f0000-0x000fffff]
[    0.000000] e820: [mem 0x40000000-0xfebfffff] available for PCI devices
[    0.000000] Booting paravirtualized kernel on KVM
[    0.000000] clocksource: refined-jiffies: mask: 0xffffffff max_cycles: 0xffffffff, max_idle_ns: 7645519600211568 ns
[    0.000000] setup_percpu: NR_CPUS:512 nr_cpumask_bits:512 nr_cpu_ids:2 nr_node_ids:1
[    0.000000] PERCPU: Embedded 34 pages/cpu @ffff88003fc00000 s99544 r8192 d31528 u1048576
[    0.000000] PV qspinlock hash table entries: 256 (order: 0, 4096 bytes)
[    0.000000] Built 1 zonelists in Node order, mobility grouping on.  Total pages: 257913
[    0.000000] Policy zone: DMA32
[    0.000000] Kernel command line: BOOT_IMAGE=/boot/vmlinuz-4.4.0-109-generic root=UUID=a3f91fc3-3067-43d1-b704-7b1ab3a66579 ro console=tty1 console=ttyS0
[    0.000000] PID hash table entries: 4096 (order: 3, 32768 bytes)
[    0.000000] Memory: 997300K/1048120K available (8485K kernel code, 1308K rwdata, 3988K rodata, 1508K init, 1316K bss, 50820K reserved, 0K cma-reserved)
[    0.000000] SLUB: HWalign=64, Order=0-3, MinObjects=0, CPUs=2, Nodes=1
[    0.000000] Kernel/User page tables isolation: enabled
[    0.000000] Hierarchical RCU implementation.
[    0.000000] 	Build-time adjustment of leaf fanout to 64.
[    0.000000] 	RCU restricting CPUs from NR_CPUS=512 to nr_cpu_ids=2.
[    0.000000] RCU: Adjusting geometry for rcu_fanout_leaf=64, nr_cpu_ids=2
[    0.000000] NR_IRQS:33024 nr_irqs:440 16
[    0.000000] Console: colour VGA+ 80x25
[    0.000000] console [tty1] enabled
[    0.000000] console [ttyS0] enabled
[    0.000000] tsc: Detected 2303.998 MHz processor
[    7.950933] Calibrating delay loop (skipped) preset value.. 4607.99 BogoMIPS (lpj=9215992)
[    7.952446] pid_max: default: 32768 minimum: 301
[    7.973779] ACPI: Core revision 20150930
[    7.984789] ACPI: 2 ACPI AML tables successfully acquired and loaded
[    7.986087] Security Framework initialized
[    7.986887] Yama: becoming mindful.
[    7.987602] AppArmor: AppArmor initialized
[    7.988397] Dentry cache hash table entries: 131072 (order: 8, 1048576 bytes)
[    7.990289] Inode-cache hash table entries: 65536 (order: 7, 524288 bytes)
[    8.064182] Mount-cache hash table entries: 2048 (order: 2, 16384 bytes)
[    8.065460] Mountpoint-cache hash table entries: 2048 (order: 2, 16384 bytes)
[    8.149529] Initializing cgroup subsys io
[    8.183895] Initializing cgroup subsys memory
[    8.208171] Initializing cgroup subsys devices
[    8.242942] Initializing cgroup subsys freezer
[    8.305820] Initializing cgroup subsys net_cls
[    8.365968] Initializing cgroup subsys perf_event
[    8.448542] Initializing cgroup subsys net_prio
[    8.477825] Initializing cgroup subsys hugetlb
[    8.478610] Initializing cgroup subsys pids
[    8.479436] CPU: Physical Processor ID: 0
[    8.480158] CPU: Processor Core ID: 0
[    8.482015] mce: CPU supports 0 MCE banks
[    8.482742] Last level iTLB entries: 4KB 128, 2MB 8, 4MB 8
[    8.483647] Last level dTLB entries: 4KB 64, 2MB 0, 4MB 0, 1GB 4
[    8.486534] Freeing SMP alternatives memory: 32K
[    8.503653] ftrace: allocating 32171 entries in 126 pages
[    8.618294] smpboot: APIC(0) Converting physical 0 to logical package 0
[    8.665882] smpboot: Max logical packages: 1
[    8.678998] x2apic enabled
[    8.679818] Switched APIC routing to physical x2apic.
[    8.681897] ..TIMER: vector=0x30 apic1=0 pin1=2 apic2=-1 pin2=-1
[    8.790637] smpboot: CPU0: Intel(R) Core(TM) i5-6300HQ CPU @ 2.30GHz (family: 0x6, model: 0x5e, stepping: 0x3)
[    8.841534] Performance Events: unsupported p6 CPU model 94 no PMU driver, software events only.
[    8.886355] KVM setup paravirtual spinlock
[    8.887753] x86: Booting SMP configuration:
[    8.888598] .... node  #0, CPUs:      #1
[    8.911048] kvm-clock: cpu 1, msr 0:3ffe3041, secondary cpu clock
[    8.944285] mce: CPU supports 0 MCE banks
[    8.946733] x86: Booted up 1 node, 2 CPUs
[    8.947642] smpboot: Total of 2 processors activated (9215.99 BogoMIPS)
[    8.950010] devtmpfs: initialized
[    8.952709] evm: security.selinux
[    8.988971] evm: security.SMACK64
[    9.034727] evm: security.SMACK64EXEC
[    9.079195] evm: security.SMACK64TRANSMUTE
[    9.121851] evm: security.SMACK64MMAP
[    9.122572] evm: security.ima
[    9.123147] evm: security.capability
[    9.124019] clocksource: jiffies: mask: 0xffffffff max_cycles: 0xffffffff, max_idle_ns: 7645041785100000 ns
[    9.253462] futex hash table entries: 512 (order: 3, 32768 bytes)
[    9.314808] pinctrl core: initialized pinctrl subsystem
[    9.376661] RTC time: 13:39:21, date: 01/22/18
[    9.377557] NET: Registered protocol family 16
[    9.390362] cpuidle: using governor ladder
[    9.450686] cpuidle: using governor menu
[    9.495844] PCCT header not found.
[    9.523815] ACPI: bus type PCI registered
[    9.569212] acpiphp: ACPI Hot Plug PCI Controller Driver version: 0.5
[    9.590899] PCI: Using configuration type 1 for base access
[    9.607363] ACPI: Added _OSI(Module Device)
[    9.675926] ACPI: Added _OSI(Processor Device)
[    9.733840] ACPI: Added _OSI(3.0 _SCP Extensions)
[    9.786784] ACPI: Added _OSI(Processor Aggregator Device)
[    9.837722] ACPI: Executed 1 blocks of module-level executable AML code
[    9.917107] ACPI: Interpreter enabled
[    9.954087] ACPI: (supports S0 S5)
[    9.994688] ACPI: Using IOAPIC for interrupt routing
[   10.008505] PCI: Using host bridge windows from ACPI; if necessary, use "pci=nocrs" and report a bug
[   10.013053] ACPI: PCI Root Bridge [PCI0] (domain 0000 [bus 00-ff])
[   10.107778] acpi PNP0A03:00: _OSC: OS supports [ASPM ClockPM Segments MSI]
[   10.254945] acpi PNP0A03:00: _OSC: not requesting OS control; OS requires [ExtendedConfig ASPM ClockPM MSI]
[   10.364209] acpi PNP0A03:00: fail to add MMCONFIG information, can't access extended PCI configuration space under this bridge.
[   10.508595] PCI host bridge to bus 0000:00
[   10.545143] pci_bus 0000:00: root bus resource [io  0x0000-0x0cf7 window]
[   10.604386] pci_bus 0000:00: root bus resource [io  0x0d00-0xffff window]
[   10.665360] pci_bus 0000:00: root bus resource [mem 0x000a0000-0x000bffff window]
[   10.735854] pci_bus 0000:00: root bus resource [mem 0x40000000-0xffdfffff window]
[   10.810942] pci_bus 0000:00: root bus resource [bus 00-ff]
[   10.853093] pci 0000:00:01.1: legacy IDE quirk: reg 0x10: [io  0x01f0-0x01f7]
[   10.935194] pci 0000:00:01.1: legacy IDE quirk: reg 0x14: [io  0x03f6]
[   10.992494] pci 0000:00:01.1: legacy IDE quirk: reg 0x18: [io  0x0170-0x0177]
[   11.062965] pci 0000:00:01.1: legacy IDE quirk: reg 0x1c: [io  0x0376]
[   11.131909] pci 0000:00:07.0: quirk: [io  0x4000-0x403f] claimed by PIIX4 ACPI
[   11.215348] pci 0000:00:07.0: quirk: [io  0x4100-0x410f] claimed by PIIX4 SMB
[   11.278161] ACPI: PCI Interrupt Link [LNKA] (IRQs 5 9 10 *11)
[   11.329728] ACPI: PCI Interrupt Link [LNKB] (IRQs 5 9 10 *11)
[   11.335288] ACPI: PCI Interrupt Link [LNKC] (IRQs 5 9 *10 11)
[   11.340373] ACPI: PCI Interrupt Link [LNKD] (IRQs 5 *9 10 11)
[   11.341821] ACPI: Enabled 2 GPEs in block 00 to 07
[   11.343020] vgaarb: setting as boot device: PCI:0000:00:02.0
[   11.343942] vgaarb: device added: PCI:0000:00:02.0,decodes=io+mem,owns=io+mem,locks=none
[   11.345330] vgaarb: loaded
[   11.345899] vgaarb: bridge control possible 0000:00:02.0
[   11.347014] SCSI subsystem initialized
[   11.347813] ACPI: bus type USB registered
[   11.348529] usbcore: registered new interface driver usbfs
[   11.380352] usbcore: registered new interface driver hub
[   11.415876] usbcore: registered new device driver usb
[   11.465175] PCI: Using ACPI for IRQ routing
[   11.513642] NetLabel: Initializing
[   11.559861] NetLabel:  domain hash size = 128
[   11.634347] NetLabel:  protocols = UNLABELED CIPSOv4
[   11.707216] NetLabel:  unlabeled traffic allowed by default
[   11.771589] amd_nb: Cannot enumerate AMD northbridges
[   11.847576] clocksource: Switched to clocksource kvm-clock
[   11.950130] AppArmor: AppArmor Filesystem Enabled
[   12.059456] pnp: PnP ACPI init
[   12.116413] pnp: PnP ACPI: found 3 devices
[   12.205300] clocksource: acpi_pm: mask: 0xffffff max_cycles: 0xffffff, max_idle_ns: 2085701024 ns
[   12.428824] NET: Registered protocol family 2
[   12.547175] TCP established hash table entries: 8192 (order: 4, 65536 bytes)
[   12.689846] TCP bind hash table entries: 8192 (order: 5, 131072 bytes)
[   12.830417] TCP: Hash tables configured (established 8192 bind 8192)
[   12.925151] UDP hash table entries: 512 (order: 2, 16384 bytes)
[   13.030546] UDP-Lite hash table entries: 512 (order: 2, 16384 bytes)
[   13.060877] NET: Registered protocol family 1
[   13.061830] pci 0000:00:00.0: Limiting direct PCI/PCI transfers
[   13.099448] pci 0000:00:01.0: Activating ISA DMA hang workarounds
[   13.199579] Unpacking initramfs...
[   13.448354] Freeing initrd memory: 15232K
[   13.739762] platform rtc_cmos: registered platform RTC device (no PNP device found)
[   13.852263] Scanning for low memory corruption every 60 seconds
[   14.450258] audit: initializing netlink subsys (disabled)
[   14.559522] audit: type=2000 audit(1516628360.351:1): initialized
[   14.959558] tsc: Refined TSC clocksource calibration: 2304.624 MHz
[   14.969407] Initialise system trusted keyring
[   14.969580] HugeTLB registered 2 MB page size, pre-allocated 0 pages
[   14.971138] zbud: loaded
[   14.971299] VFS: Disk quotas dquot_6.6.0
[   14.971326] VFS: Dquot-cache hash table entries: 512 (order 0, 4096 bytes)
[   14.971548] squashfs: version 4.0 (2009/01/31) Phillip Lougher
[   15.658970] fuse init (API version 7.23)
[   15.659206] Key type big_key registered
[   15.659243] Allocating IMA MOK and blacklist keyrings.
[   15.659528] Key type asymmetric registered
[   15.659534] Asymmetric key parser 'x509' registered
[   15.659567] Block layer SCSI generic (bsg) driver version 0.4 loaded (major 249)
[   15.659584] io scheduler noop registered
[   15.659585] io scheduler deadline registered (default)
[   15.659610] io scheduler cfq registered
[   15.659698] pci_hotplug: PCI Hot Plug PCI Core version: 0.5
[   15.659702] pciehp: PCI Express Hot Plug Controller Driver version: 0.4
[   15.659823] ACPI: AC Adapter [AC] (on-line)
[   15.659868] input: Power Button as /devices/LNXSYSTM:00/LNXPWRBN:00/input/input0
[   15.659871] ACPI: Power Button [PWRF]
[   15.659928] input: Sleep Button as /devices/LNXSYSTM:00/LNXSLPBN:00/input/input1
[   15.659929] ACPI: Sleep Button [SLPF]
[   15.660059] GHES: HEST is not enabled!
[   15.660128] Serial: 8250/16550 driver, 32 ports, IRQ sharing enabled
[   15.683383] 00:02: ttyS0 at I/O 0x3f8 (irq = 4, base_baud = 115200) is a 16550A
[   15.770245] Linux agpgart interface v0.103
[   15.773564] loop: module loaded
[   15.774029] scsi host0: ata_piix
[   15.774077] scsi host1: ata_piix
[   15.774105] ata1: PATA max UDMA/33 cmd 0x1f0 ctl 0x3f6 bmdma 0xd000 irq 14
[   15.774105] ata2: PATA max UDMA/33 cmd 0x170 ctl 0x376 bmdma 0xd008 irq 15
[   15.774172] libphy: Fixed MDIO Bus: probed
[   15.774176] tun: Universal TUN/TAP device driver, 1.6
[   15.774176] tun: (C) 1999-2004 Max Krasnyansky <maxk@qualcomm.com>
[   15.774207] PPP generic driver version 2.4.2
[   15.774246] ehci_hcd: USB 2.0 'Enhanced' Host Controller (EHCI) Driver
[   15.774249] ehci-pci: EHCI PCI platform driver
[   15.774262] ehci-platform: EHCI generic platform driver
[   15.774268] ohci_hcd: USB 1.1 'Open' Host Controller (OHCI) Driver
[   15.774271] ohci-pci: OHCI PCI platform driver
[   15.774277] ohci-platform: OHCI generic platform driver
[   15.774282] uhci_hcd: USB Universal Host Controller Interface driver
[   15.774328] i8042: PNP: PS/2 Controller [PNP0303:PS2K,PNP0f03:PS2M] at 0x60,0x64 irq 1,12
[   15.774769] serio: i8042 KBD port at 0x60,0x64 irq 1
[   15.774773] serio: i8042 AUX port at 0x60,0x64 irq 12
[   15.774858] mousedev: PS/2 mouse device common for all mice
[   15.775088] input: AT TranslatedSSet 2 keyboard as /devices/platform/i8042/serio0/input/input2
[   15.775375] rtc_cmos rtc_cmos: rtc core: registered rtc_cmos as rtc0
[   15.775427] rtc_cmos rtc_cmos: alarms up to one day, 114 bytes nvram
[   15.775432] i2c /dev entries driver
[   15.775478] device-mapper: uevent: version 1.0.3
[   15.775524] device-mapper: ioctl: 4.34.0-ioctl (2015-10-28) initialised: dm-devel@redhat.com
[   15.775540] ledtrig-cpu: registered to indicate activity on CPUs
[   15.775768] NET: Registered protocol family 10
[   15.775913] NET: Registered protocol family 17
[   15.775922] Key type dns_resolver registered
[   15.776037] microcode: CPU0 sig=0x506e3, pf=0x2, revision=0x0
[   15.789320] microcode: CPU1 sig=0x506e3, pf=0x2, revision=0x0
[   15.789367] microcode: Microcode Update Driver: v2.01 <tigran@aivazian.fsnet.co.uk>, Peter Oruba
[   15.789477] registered taskstats version 1
[   15.789496] Loading compiled-in X.509 certificates
[   15.790070] Loaded X.509 cert 'Build time autogenerated kernel key: 96e61bd247bb6c4e82ca419795a98fcb171b0e99'
[   15.790086] zswap: loaded using pool lzo/zbud
[   15.790666] ACPI: Battery Slot [BAT0] (battery present)
[   15.792787] Key type trusted registered
[   15.795693] Key type encrypted registered
[   15.795714] AppArmor: AppArmor sha1 policy hashing enabled
[   15.795718] ima: No TPM chip found, activating TPM-bypass!
[   15.795739] evm: HMAC attrs: 0x1
[   15.795949]   Magic number: 2:134:686
[   15.795950]   hash matches /build/linux-8wXrCB/linux-4.4.0/drivers/base/power/main.c:515
[   15.796233] rtc_cmos rtc_cmos: setting system clock to 2018-01-22 13:39:28 UTC (1516628368)
[   15.796300] BIOS EDD facility v0.16 2004-Jun-25, 0 devices found
[   15.796300] EDD information not available.
[   29.689778] clocksource: tsc: mask: 0xffffffffffffffff max_cycles: 0x21384564cfd, max_idle_ns: 440795283031 ns
[   29.692472] Freeing unused kernel memory: 1508K
[   29.693219] Write protecting the kernel read-only data: 14336k
[   29.694763] Freeing unused kernel memory: 1744K
[   29.781101] Freeing unused kernel memory: 108K
Loading, please [   29.875934] random: systemd-udevd: uninitialized urandom read (16 bytes read, 5 bits of entropy available)
wait...
startin[   29.876572] random: udevadm: uninitialized urandom read (16 bytes read, 5 bits of entropy available)
g version 229
[   29.876597] random: udevadm: uninitialized urandom read (16 bytes read, 5 bits of entropy available)
[   29.886983] random: udevadm: uninitialized urandom read (16 bytes read, 5 bits of entropy available)
[   29.887029] random: udevadm: uninitialized urandom read (16 bytes read, 5 bits of entropy available)
[   29.887192] random: udevadm: uninitialized urandom read (16 bytes read, 5 bits of entropy available)
[   29.887256] random: udevadm: uninitialized urandom read (16 bytes read, 5 bits of entropy available)
[   29.887318] random: udevadm: uninitialized urandom read (16 bytes read, 5 bits of entropy available)
[   29.887380] random: udevadm: uninitialized urandom read (16 bytes read, 5 bits of entropy available)
[   29.887443] random: udevadm: uninitialized urandom read (16 bytes read, 5 bits of entropy available)
[   30.920995] Fusion MPT base driver 3.04.20
[   31.119526] Copyright (c) 1999-2008 LSI Corporation
[   31.129628] e1000: Intel(R) PRO/1000 Network Driver - version 7.3.21-k8-NAPI
[   31.248873] e1000: Copyright (c) 1999-2006 Intel Corporation.
[   31.266733] AVX version of gcm_enc/dec engaged.
[   31.273080] AES CTR mode by8 optimization enabled
[   31.277120] Fusion MPT SPI Host driver 3.04.20
[   31.562469] input: ImExPS/2 Generic Explorer Mouse as /devices/platform/i8042/serio1/input/input4
[   31.866746] e1000 0000:00:03.0 eth0: (PCI:33MHz:32-bit) 02:15:29:52:b1:84
[   31.951965] e1000 0000:00:03.0 eth0: Intel(R) PRO/1000 Network Connection
[   31.961178] e1000 0000:00:03.0 enp0s3: renamed from eth0
[   32.370618] mptbase: ioc0: Initiating bringup
[   32.848355] ioc0: LSI53C1030 A0: Capabilities={Initiator}
[   33.406783] scsi host2: ioc0: LSI53C1030 A0, FwRev=00000000h, Ports=1, MaxQ=256, IRQ=20
[   34.128257] floppy0: no floppy controllers found
[   34.476702] scsi 2:0:0:0: Direct-Access     VBOX     HARDDISK         1.0  PQ: 0 ANSI: 5
[   34.557431] scsi target2:0:0: Beginning Domain Validation
[   34.628223] scsi target2:0:0: Domain Validation skipping write tests
[   34.727022] scsi target2:0:0: Ending Domain Validation
[   34.782868] scsi target2:0:0: asynchronous
[   34.838050] scsi 2:0:1:0: Direct-Access     VBOX     HARDDISK         1.0  PQ: 0 ANSI: 5
[   34.987665] scsi target2:0:1: Beginning Domain Validation
[   35.084409] scsi target2:0:1: Domain Validation skipping write tests
[   35.224137] scsi target2:0:1: Ending Domain Validation
[   35.303712] scsi target2:0:1: asynchronous
[   35.373677] sd 2:0:0:0: [sda] 20971520 512-byte logical blocks: (10.7 GB/10.0 GiB)
[   35.468519] sd 2:0:0:0: [sda] Write Protect is off
[   35.468544] sd 2:0:0:0: Attached scsi generic sg0 type 0
[   35.532266] sd 2:0:1:0: Attached scsi generic sg1 type 0
[   35.637115] sd 2:0:1:0: [sdb] 20480 512-byte logical blocks: (10.5 MB/10.0 MiB)
[   35.900097] sd 2:0:0:0: [sda] Incomplete mode parameter data
[   36.209379] sd 2:0:1:0: [sdb] Write Protect is off
[   36.209753] sd 2:0:1:0: [sdb] Incomplete mode parameter data
[   36.209754] sd 2:0:1:0: [sdb] Assuming drive cache: write through
[   36.385747] sd 2:0:1:0: [sdb] Attached SCSI disk
[   37.909556] sd 2:0:0:0: [sda] Assuming drive cache: write through
[   38.047377]  sda: sda1
[   38.160762] sd 2:0:0:0: [sda] Attached SCSI disk
Begin: Loading e[   39.864745] md: linear personality registered for level -1
ssential drivers[   39.971311] md: multipath personality registered for level -4
 ... [   40.048497] md: raid0 personality registered for level 0
[   40.101596] md: raid1 personality registered for level 1
[   40.227643] raid6: sse2x1   gen()  9036 MB/s
[   40.347656] raid6: sse2x1   xor()  5621 MB/s
[   40.463597] raid6: sse2x2   gen() 10882 MB/s
[   40.579656] raid6: sse2x2   xor()  7391 MB/s
[   40.695637] raid6: sse2x4   gen() 11910 MB/s
[   40.811594] raid6: sse2x4   xor()  8344 MB/s
[   40.853108] raid6: using algorithm sse2x4 gen() 11910 MB/s
[   40.905285] raid6: .... xor() 8344 MB/s, rmw enabled
[   40.960288] raid6: using ssse3x2 recovery algorithm
[   40.990579] xor: automatically using best checksumming function:
[   41.087606]    avx       : 22385.000 MB/sec
[   41.137763] async_tx: api initialized (async)
[   41.144594] md: raid6 personality registered for level 6
[   41.239758] md: raid5 personality registered for level 5
[   41.246038] md: raid4 personality registered for level 4
[   41.255372] md: raid10 personality registered for level 10
done.
Begin: Running /scripts/init-premount ... done.
Begin: Mounting root file system ... Begin: Running /scripts/local-top ... done.
Begin: Running /scripts/local-premount ... [   41.331789] Btrfs loaded
Scanning for Btrfs filesystems
done.
Warning: fsck not present, so skipping root file system
[   41.417552] EXT4-fs (sda1): mounted filesystem with ordered data mode. Opts: (null)
done.
Begin: Running /scripts/local-bottom ... done.
Begin: Running /scripts/init-bottom ... done.
[   42.049204] random: nonblocking pool is initialized
[   42.273845] systemd[1]: systemd 229 running in system mode. (+PAM +AUDIT +SELINUX +IMA +APPARMOR +SMACK +SYSVINIT +UTMP +LIBCRYPTSETUP +GCRYPT +GNUTLS +ACL +XZ -LZ4 +SECCOMP +BLKID +ELFUTILS +KMOD -IDN)
[   43.321774] systemd[1]: Detected virtualization oracle.
[   43.339753] systemd[1]: Detected architecture x86-64.

Welcome to [1mUbuntu 16.04.3 LTS[0m!

[   43.404905] systemd[1]: Set hostname to <ubuntu-xenial>.
[   44.336320] systemd[1]: Listening on udev Control Socket.
[[0;32m  OK  [0m] Listening on udev Control Socket.
[   44.644936] systemd[1]: Created slice System Slice.
[[0;32m  OK  [0m] Created slice System Slice.
[   44.646551] systemd[1]: Listening on udev Kernel Socket.
[[0;32m  OK  [0m] Listening on udev Kernel Socket.
[   44.655456] systemd[1]: Listening on Journal Socket (/dev/log).
[[0;32m  OK  [0m] Listening on Journal Socket (/dev/log).
[   44.667748] systemd[1]: Listening on LVM2 poll daemon socket.
[[0;32m  OK  [0m] Listening on LVM2 poll daemon socket.
[   44.707839] systemd[1]: Listening on Journal Audit Socket.
[[0;32m  OK  [0m] Listening on Journal Audit Socket.
[   44.955917] systemd[1]: Set up automount Arbitrary Executable File Formats File System Automount Point.
[[0;32m  OK  [0m] Set up automount Arbitrary Executab...ats File System Automount Point.
[   45.492705] systemd[1]: Started Forward Password Requests to Wall Directory Watch.
[[0;32m  OK  [0m] Started Forward Password Requests to Wall Directory Watch.
[   45.593476] systemd[1]: Reached target Encrypted Volumes.
[[0;32m  OK  [0m] Reached target Encrypted Volumes.
[   45.603769] systemd[1]: Listening on /dev/initctl Compatibility Named Pipe.
[[0;32m  OK  [0m] Listening on /dev/initctl Compatibility Named Pipe.
[   46.207799] systemd[1]: Listening on Syslog Socket.
[[0;32m  OK  [0m] Listening on Syslog Socket.
[   46.452898] systemd[1]: Listening on Device-mapper event daemon FIFOs.
[[0;32m  OK  [0m] Listening on Device-mapper event daemon FIFOs.
[   46.455028] systemd[1]: Listening on Journal Socket.
[[0;32m  OK  [0m] Listening on Journal Socket.
[   46.919919] systemd[1]: Starting Journal Service...
         Starting Journal Service...
[   46.963563] systemd[1]: Starting Load Kernel Modules...
         Starting Load Kernel Modules...
[   47.069401] systemd[1]: Starting Create list of required static device nodes for the current kernel...
         Starting Create list of required st... nodes for the current kernel...
[   47.097585] Loading iSCSI transport class v2.0-870.
[   47.098285] systemd[1]: Starting Uncomplicated firewall...
         Starting Uncomplicated firewall...
[   47.197898] systemd[1]: Reached target Swap.
[[0;32m  OK  [0m] Reached target Swap.
[   47.216508] systemd[1]: Mounting Debug File System...
         Mounting Debug File System...
[   47.243659] systemd[1]: Mounting Huge Pages File System...
         Mountin[   47.298574] iscsi: registered transport (tcp)
g Huge Pages File System...
[   47.396000] systemd[1]: Created slice User and Session Slice.
[[0;32m  OK  [0m] Created slice User and Session Slice.
[   47.455599] systemd[1]: Reached target Slices.
[[0;32m  OK  [0m] Reached target Slices.
[   47.515795] systemd[1]: Starting Remount Root and Kernel File Systems...
         Startin[   47.555959] EXT4-fs (sda1): re-mounted. Opts: (null)
g Remount Root and Kernel File Systems...
[   47.612622] iscsi: registered transport (iser)
[   47.613237] systemd[1]: Starting Set console keymap...
         Starting Set console keymap...
[   47.652107] systemd[1]: Created slice system-serial\x2dgetty.slice.
[[0;32m  OK  [0m] Created slice system-serial\x2dgetty.slice.
[   47.668159] systemd[1]: Listening on LVM2 metadata daemon socket.
[[0;32m  OK  [0m] Listening on LVM2 metadata daemon socket.
[   47.687957] systemd[1]: Starting Monitoring of LVM2 mirrors, snapshots etc. using dmeventd or progress polling...
         Starting Monitoring of LVM2 mirrors... dmeventd or progress polling...
[   47.879768] systemd[1]: Reached target User and Group Name Lookups.
[[0;32m  OK  [0m] Reached target User and Group Name Lookups.
[   48.007813] systemd[1]: Started Trigger resolvconf update for networkd DNS.
[[0;32m  OK  [0m] Started Trigger resolvconf update for networkd DNS.
[   48.115789] systemd[1]: Mounting POSIX Message Queue File System...
         Mounting POSIX Message Queue File System...
[   48.192588] systemd[1]: Starting Nameserver information manager...
         Starting Nameserver information manager...
[   48.296650] systemd[1]: Mounted Huge Pages File System.
[[0;32m  OK  [0m] Mounted Huge Pages File System.
[   48.338335] systemd[1]: Mounted POSIX Message Queue File System.
[[0;32m  OK  [0m] Mounted POSIX Message Queue File System.
[   48.398176] systemd[1]: Mounted Debug File System.
[[0;32m  OK  [0m] Mounted Debug File System.
[   48.407816] systemd[1]: Started Journal Service.
[[0;32m  OK  [0m] Started Journal Service.
[[0;32m  OK  [0m] Started Load Kernel Modules.
[[0;32m  OK  [0m] Started Create list of required sta...ce nodes for the current kernel.
[[0;32m  OK  [0m] Started Uncomplicated firewall.
[[0;32m  OK  [0m] Started Remount Root and Kernel File Systems.
[[0;32m  OK  [0m] Started Set console keymap.
[[0;32m  OK  [0m] Started Nameserver information manager.
[[0;32m  OK  [0m] Started LVM2 metadata daemon.
         Starting Initial cloud-init job (pre-networking)...
         Starting Load/Save Random Seed...
         Starting udev Coldplug all Devices...
         Starting Create Static Device Nodes in /dev...
         Mounting FUSE Control File System...
         Starting Apply Kernel Variables...
         Starting Flush Journal to Persistent Storage...
[[0;32m  OK  [0m] Mounted FUSE Control File System.
[[0;32m  OK  [0m] Started Load/Save Random Seed.
[[0;32m  OK  [0m] Started Apply Kernel Variables.
[[0;32m  OK  [0m] Started udev Coldplug all Devices.
[[0;32m  OK  [0m] Started Flush Journal to Persistent Storage.
[[0;32m  OK  [0m] Started Create Static Device Nodes in /dev.
         Starting udev Kernel Device Manager...
[[0;32m  OK  [0m] Started Monitoring of LVM2 mirrors,...ng dmeventd or progress polling.
[[0;32m  OK  [0m] Started udev Kernel Device Manager.
[[0;32m  OK  [0m] Reached target Local File Systems (Pre).
[[0;32m  OK  [0m] Reached target Local File Systems.
         Starting LSB: AppArmor initialization...
         Starting Tell Plymouth To Write Out Runtime Data...
         Starting Set console font and keymap...
         Starting Create Volatile Files and Directories...
[[0;32m  OK  [0m] Started Dispatch Password Requests to Console Directory Watch.
[[0;32m  OK  [0m] Started Tell Plymouth To Write Out Runtime Data.
[[0;32m  OK  [0m] Found device /dev/ttyS0.
[[0;32m  OK  [0m] Started Create Volatile Files and Directories.
[[0;32m  OK  [0m] Reached target System Time Synchronized.
         Starting Update UTMP about System Boot/Shutdown...
[[0;32m  OK  [0m] Started Update UTMP about System Boot/Shutdown.
[[0;32m  OK  [0m] Found device 82540EM Gigabit Ethern...r (PRO/1000 MT Desktop Adapter).
[[0;32m  OK  [0m] Started Set console font and keymap.
[[0;32m  OK  [0m] Created slice system-getty.slice.
[[0;32m  OK  [0m] Listening on Load/Save RF Kill Switch Status /dev/rfkill Watch.
[[0;32m  OK  [0m] Started LSB: AppArmor initialization.
[   41.737306] cloud-init[433]: Cloud-init v. 17.1 running 'init-local' at Mon, 22 Jan 2018 13:40:05 +0000. Up 41.19 seconds.
[[0;32m  OK  [0m] Started Initial cloud-init job (pre-networking).
[[0;32m  OK  [0m] Reached target Network (Pre).
         Starting Raise network interfaces...
[[0;32m  OK  [0m] Started ifup for enp0s3.
[[0;32m  OK  [0m] Started Raise network interfaces.
         Starting Initial cloud-init job (metadata service crawler)...
[[0;32m  OK  [0m] Reached target Network.
[   43.137583] cloud-init[964]: Cloud-init v. 17.1 running 'init' at Mon, 22 Jan 2018 13:40:06 +0000. Up 42.43 seconds.
[   43.185386] cloud-init[964]: ci-info: +++++++++++++++++++++++++++++++++++++Net device info++++++++++++++++++++++++++++++++++++++
[   43.228761] cloud-init[964]: ci-info: +--------+------+----------------------------+---------------+-------+-------------------+
[[0;32m  OK  [0m] Started Initial cloud-init job (metadata service crawler).
[   43.229297] cloud-init[964]: ci-info: | Device |  Up  |          Address           |      Mask     | Scope |     Hw-Address    |
[   43.334408] cloud-init[964]: ci-info: +--------+------+----------------------------+---------------+-------+-------------------+
[   43.335449] cloud-init[964]: ci-info: | enp0s3 | True |         10.0.2.15          | 255.255.255.0 |   .   | 02:15:29:52:b1:84 |
[[0;32m  OK  [0m] Reached target Cloud-config availability.
[   43.335846] cloud-init[964]: ci-info: | enp0s3 | True | fe80::15:29ff:fe52:b184/64 |       .       |  link | 02:15:29:52:b1:84 |
[   43.433488] cloud-init[964]: ci-info: |   lo   | True |         127.0.0.1          |   255.0.0.0   |   .   |         .         |
[[0;32m  OK  [0m] Reached target Network is Online.
[   43.433738] cloud-init[964]: ci-info: |   lo   | True |          ::1/128           |       .       |  host |         .         |
         Starting iSCSI initiator daemon (iscsid)...
[[0;32m  OK  [0m] Reached target System Initialization.
[   43.616177] cloud-init[964]: ci-info: +--------+------+----------------------------+---------------+-------+-------------------+
[   43.720934] cloud-init[964]: ci-info: +++++++++++++++++++++++++++Route IPv4 info++++++++++++++++++++++++++++
[   43.733362] cloud-init[964]: ci-info: +-------+-------------+----------+---------------+-----------+-------+
         Starting LXD - unix socket.
[[0;32m  OK  [0m] Listening on UUID daemon activation socket.
[[0;32m  OK  [0m] Listening on D-Bus System Message Bus Socket.
[   43.753963] cloud-init[964]: ci-info: | Route | Destination | Gateway  |    Genmask    | Interface | Flags |
[   43.832687] cloud-init[964]: ci-info: +-------+-------------+----------+---------------+-----------+-------+
[[0;32m  OK  [0m] Started Timer to automatically refresh installed snaps.
[[0;32m  OK  [0m] Listening on ACPID Listen Socket.
         [   43.866404] cloud-init[964]: ci-info: |   0   |   0.0.0.0   | 10.0.2.2 |    0.0.0.0    |   enp0s3  |   UG  |
[   43.944592] cloud-init[964]: ci-info: |   1   |   10.0.2.0  | 0.0.0.0  | 255.255.255.0 |   enp0s3  |   U   |
[   43.944812] cloud-init[964]: ci-info: +-------+-------------+----------+---------------+-----------+-------+
Starting Socket activation for snappy daemon.
[[0;32m  OK  [0m] Started ACPI Events Check.
[[0;32m  OK  [0m] Reached target Paths.
[[0;32m  OK  [0m] Started Daily apt download activities.
[[0;32m  OK  [0m] Started Daily apt upgrade and clean activities.
[[0;32m  OK  [0m] Started Daily Cleanup of Temporary Directories.
[[0;32m  OK  [0m] Reached target Timers.
[[0;32m  OK  [0m] Listening on LXD - unix socket.
[[0;32m  OK  [0m] Listening on Socket activation for snappy daemon.
[[0;32m  OK  [0m] Started iSCSI initiator daemon (iscsid).
         Starting Login to default iSCSI targets...
[[0;32m  OK  [0m] Reached target Sockets.
[[0;32m  OK  [0m] Reached target Basic System.
         Starting Apply the settings specified in cloud-config...
         Starting /etc/rc.local Compatibility...
         Starting Login Service...
[[0;32m  OK  [0m] Started FUSE filesystem for LXC.
         Starting Snappy daemon...
         Starting Accounts Service...
[[0;32m  OK  [0m] Started ACPI event daemon.
         Starting System Logging Service...
[[0;32m  OK  [0m] Started D-Bus System Message Bus.
[   44.876376] cloud-init[1023]: Cloud-init v. 17.1 running 'modules:config' at Mon, 22 Jan 2018 13:40:08 +0000. Up 44.53 seconds.
         Starting OpenBSD Secure Shell server...
[[0;32m  OK  [0m] Started Deferred execution scheduler.
[[0;32m  OK  [0m] Started Unattended Upgrades Shutdown.
         Starting LSB: Record successful boot for GRUB...
         Starting LSB: MD monitoring daemon...
[[0;32m  OK  [0m] Started Regular background program processing daemon.
         Starting LXD - container startup/shutdown...
[[0;32m  OK  [0m] Started System Logging Service.
[[0;32m  OK  [0m] Started Apply the settings specified in cloud-config.
[[0;32m  OK  [0m] Started /etc/rc.local Compatibility.
[[0;32m  OK  [0m] Started Login Service.
         Starting Authenticate and Authorize Users to Run Privileged Tasks...
[[0;32m  OK  [0m] Started OpenBSD Secure Shell server.
[[0;32m  OK  [0m] Started LSB: Record successful boot for GRUB.
[[0;32m  OK  [0m] Started Login to default iSCSI targets.
[[0;32m  OK  [0m] Reached target Remote File Systems (Pre).
[[0;32m  OK  [0m] Reached target Remote File Systems.
         Starting LSB: daemon to balance interrupts for SMP systems...
         Starting LSB: VirtualBox Linux Additions...
         Starting Permit User Sessions...
         Starting LSB: automatic crash report generation...
         Starting LSB: Set the CPU Frequency Scaling governor to "ondemand"...
[[0;32m  OK  [0m] Started LSB: MD monitoring daemon.
[[0;32m  OK  [0m] Started Authenticate and Authorize Users to Run Privileged Tasks.
[[0;32m  OK  [0m] Started Permit User Sessions.
[[0;32m  OK  [0m] Started Accounts Service.
         Starting Terminate Plymouth Boot Screen...
         Starting Hold until boot process finishes up...
[[0;32m  OK  [0m] Started LSB: Set the CPU Frequency Scaling governor to "ondemand".
[[0;32m  OK  [0m] Started Terminate Plymouth Boot Screen.
[[0;32m  OK  [0m] Started Hold until boot process finishes up.
         Starting Set console scheme...
[[0;32m  OK  [0m] Started Serial Getty on ttyS0.
[[0;32m  OK  [0m] Started Getty on tty1.
[[0;32m  OK  [0m] Reached target Login Prompts.
[[0;32m  OK  [0m] Started LSB: daemon to balance interrupts for SMP systems.
[[0;32m  OK  [0m] Started LSB: automatic crash report generation.
[[0;32m  OK  [0m] Started Set console scheme.
[[0;32m  OK  [0m] Created slice User Slice of ubuntu.
         Starting User Manager for UID 1000...
[[0;32m  OK  [0m] Started Session 1 of user ubuntu.
[[0;32m  OK  [0m] Started LSB: VirtualBox Linux Additions.
[[0;32m  OK  [0m] Started User Manager for UID 1000.
[[0;32m  OK  [0m] Started Snappy daemon.
[[0;32m  OK  [0m] Started LXD - container startup/shutdown.
[[0;32m  OK  [0m] Reached target Multi-User System.
[[0;32m  OK  [0m] Reached target Graphical Interface.
         Starting Update UTMP about System Runlevel Changes...
         Starting Execute cloud user/final scripts...
[[0;32m  OK  [0m] Started Update UTMP about System Runlevel Changes.
[   47.921067] cloud-init[1218]: Cloud-init v. 17.1 running 'modules:final' at Mon, 22 Jan 2018 13:40:11 +0000. Up 47.78 seconds.
[   47.949357] cloud-init[1218]: Cloud-init v. 17.1 finished at Mon, 22 Jan 2018 13:40:12 +0000. Datasource DataSourceNoCloud [seed=/dev/sdb][dsmode=net].  Up 47.91 seconds
[[0;32m  OK  [0m] Started Execute cloud user/final scripts.
[[0;32m  OK  [0m] Reached target Cloud-init target.

Ubuntu 16.04.3 LTS ubuntu-xenial ttyS0

ubuntu-xenial login:          Stopping Authenticate and Authorize Users to Run Privileged Tasks...
         Stopping ACPI event daemon...
[[0;32m  OK  [0m] Stopped target Graphical Interface.
         Stopping Accounts Service...
         Stopping Session 7 of user ubuntu.
         Stopping Session 9 of user u         Stopping LSB: VirtualBox Linux Additions...
         Stopping System Logging Service...
         Stopping Unattended Upgrades Shutdown...
         Stopping Snappy daemon...
         Stopping Deferred execution scheduler...
         Stopping LSB: MD monitoring daemon...
[[0;32m  OK  [0m] Stopped Apply the settings specified in cloud-config.
[[0;32m  OK  [0m] Stopped target Cloud-config availability.
         Stopping LSB: Record successful boot for GRUB...
[[0;32m  OK  [0m] Unmounted /var/lib/lxcfs.
[[0;32m  OK  [0m] Stopped Snappy daemon.
[[0;32m  OK  [0m] Stopped Accounts Service.
[[0;32m  OK  [0m] Stopped ACPI event daemon.
[[0;32m  OK  [0m] Stopped System Logging Service.
[[0;32m  OK  [0m] Stopped OpenBSD Secure Shell server.
[[0;32m  OK  [0m] Stopped Deferred execution scheduler.
[[0;32m  OK  [0m] Stopped Regular background program processing daemon.
[[0;32m  OK  [0m] Stopped Authenticate and Authorize Users to Run Privileged Tasks.
[[0;32m  OK  [0m] Stopped Serial Getty on ttyS0.
[[0;32m  OK  [0m] Stopped Getty on tty1.
[[0;32m  OK  [0m] Stopped User Manager for UID 1000.
[[0;32m  OK  [0m] Stopped Session 10 of user ubuntu.
[[0;32m  OK  [0m] Stopped D-Bus System Message Bus.
[[0;32m  OK  [0m] Stopped Unattended Upgrades Shutdown.
[[0;32m  OK  [0m] Stopped FUSE filesystem for LXC.
[[0;32m  OK  [0m] Stopped LSB: Set the CPU Frequency Scaling governor to "ondemand".
[[0;32m  OK  [0m] Stopped LSB: daemon to balance interrupts for SMP systems.
[[0;32m  OK  [0m] Stopped LSB: automatic crash report generation.
[[0;32m  OK  [0m] Stopped LSB: VirtualBox Linux Additions.
[[0;32m  OK  [0m] Stopped LXD - container startup/shutdown.
[[0;32m  OK  [0m] Stopped LSB: MD monitoring daemon.
[[0;32m  OK  [0m] Stopped LSB: Record successful boot for GRUB.
[[0;32m  OK  [0m] Removed slice system-getty.slice.
[[0;32m  OK  [0m] Stopped /etc/rc.local Compatibility.
[[0;32m  OK  [0m] Removed slice system-serial\x2dgetty.slice.
[[0;32m  OK  [0m] Stopped Session 9 of user ubuntu.
[[0;32m  OK  [0m] Stopped Session 7 of user ubuntu.
[[0;32m  OK  [0m] Removed slice User Slice of ubuntu.
         Stopping Permit User Sessions...
         Stopping Login Service...
[[0;32m  OK  [0m] Stopped Permit User Sessions.
[[0;32m  OK  [0m] Stopped target Remote File Systems.
[[0;32m  OK  [0m] Stopped target Remote File Systems (Pre).
         Stopping Login to default iSCSI targets...
[[0;32m  OK  [0m] Stopped Login Service.
[[0;32m  OK  [0m] Stopped target User and Group Name Lookups.
[[0;32m  OK  [0m] Stopped target Basic System.
[[0;32m  OK  [0m] Stopped target Sockets.
[[0;32m  OK  [0m] Closed ACPID Listen Socket.
[[0;32m  OK  [0m] Closed LXD - unix socket.
[[0;32m  OK  [0m] Closed Socket activation for snappy daemon.
[[0;32m  OK  [0m] Closed UUID daemon activation socket.
[[0;32m  OK  [0m] Closed Syslog Socket.
[[0;32m  OK  [0m] Stopped target Paths.
[[0;32m  OK  [0m] Stopped Forward Password Requests to Wall Directory Watch.
[[0;32m  OK  [0m] Stopped Dispatch Password Requests to Console Directory Watch.
[[0;32m  OK  [0m] Stopped ACPI Events Check.
[[0;32m  OK  [0m] Stopped target Slices.
[[0;32m  OK  [0m] Removed slice User and Session Slice.
[[0;32m  OK  [0m] Closed D-Bus System Message Bus Socket.
[[0;32m  OK  [0m] Stopped target System Initialization.
[[0;32m  OK  [0m] Stopped target Swap.
         Stopping Update UTMP about System Boot/Shutdown...
[[0;32m  OK  [0m] Stopped target Encrypted Volumes.
         Stopping Load/Save Random Seed...
[[0;32m  OK  [0m] Stopped Load/Save Random Seed.
[[0;32m  OK  [0m] Stopped Update UTMP about System Boot/Shutdown.
[[0;32m  OK  [0m] Stopped Login to default iSCSI targets.
         Stopping iSCSI initiator daemon (iscsid)...
[[0;32m  OK  [0m] Stopped Create Volatile Files and Directories.
[[0;32m  OK  [0m] Stopped iSCSI initiator daemon (iscsid).
[[0;32m  OK  [0m] Stopped target Network is Online.
[[0;32m  OK  [0m] Stopped Initial cloud-init job (metadata service crawler).
[[0;32m  OK  [0m] Stopped target Network.
         Stopping Raise network interfaces...
[[0;32m  OK  [0m] Stopped Raise network interfaces.
[[0;32m  OK  [0m] Stopped target Local File Systems.
         Unmounting /run/user/1000...
[[0;32m  OK  [0m] Stopped Apply Kernel Variables.
[[0;32m  OK  [0m] Stopped Load Kernel Modules.
[[0;32m  OK  [0m] Stopped target Network (Pre).
[[0;32m  OK  [0m] Stopped Initial cloud-init job (pre-networking).
[[0;32m  OK  [0m] Unmounted /run/user/1000.
[[0;32m  OK  [0m] Reached target Unmount All Filesystems.
[[0;32m  OK  [0m] Stopped target Local File Systems (Pre).
         Stopping Monitoring of LVM2 mirrors... dmeventd or progress polling...
[[0;32m  OK  [0m] Stopped Remount Root and Kernel File Systems.
[[0;32m  OK  [0m] Stopped Create Static Device Nodes in /dev.
[[0;32m  OK  [0m] Reached target Shutdown.
[  804.541419] reboot: Power down
